
*** Running vivado
    with args -log uart_tx.vds -m64 -product Vivado -mode batch -messageDb vivado.pb -notrace -source uart_tx.tcl



****** Vivado v2022.2.2 (64-bit)
  **** SW Build 3788238 on Tue Feb 21 20:00:34 MST 2023
  **** IP Build 3783773 on Tue Feb 21 23:41:56 MST 2023
    ** Copyright 1986-2023 Xilinx, Inc. All Rights Reserved.

source uart_tx.tcl -notrace
create_project: Time (s): cpu = 00:00:07 ; elapsed = 00:00:07 . Memory (MB): peak = 398.465 ; gain = 64.820
Command: read_checkpoint -auto_incremental -incremental C:/comen_lab/practice_3/practice_3.srcs/utils_1/imports/synth_1/main.dcp
INFO: [Vivado 12-5825] Read reference checkpoint from C:/comen_lab/practice_3/practice_3.srcs/utils_1/imports/synth_1/main.dcp for incremental synthesis
INFO: [Vivado 12-7989] Please ensure there are no constraint changes
Command: synth_design -top uart_tx -part xc7a35tcpg236-1
Starting synth_design
Attempting to get a license for feature 'Synthesis' and/or device 'xc7a35t'
INFO: [Common 17-349] Got license for feature 'Synthesis' and/or device 'xc7a35t'
INFO: [Device 21-403] Loading part xc7a35tcpg236-1
INFO: [Designutils 20-5440] No compile time benefit to using incremental synthesis; A full resynthesis will be run
INFO: [Designutils 20-4379] Flow is switching to default flow due to incremental criteria not met. If you would like to alter this behaviour and have the flow terminate instead, please set the following parameter config_implementation {autoIncr.Synth.RejectBehavior Terminate}
INFO: [Synth 8-7079] Multithreading enabled for synth_design using a maximum of 2 processes.
INFO: [Synth 8-7078] Launching helper process for spawning children vivado processes
INFO: [Synth 8-7075] Helper process launched with PID 16076
INFO: [Synth 8-11241] undeclared symbol 'REGCCE', assumed default net type 'wire' [C:/Xilinx/Vivado/2022.2/data/verilog/src/unimacro/BRAM_SINGLE_MACRO.v:2170]
INFO: [Synth 8-11241] undeclared symbol 'state', assumed default net type 'wire' [C:/comen_lab/practice_3/practice_3.srcs/sources_1/new/uart_tx.sv:66]
INFO: [Synth 8-11241] undeclared symbol 'next_state', assumed default net type 'wire' [C:/comen_lab/practice_3/practice_3.srcs/sources_1/new/uart_tx.sv:67]
WARNING: [Synth 8-8895] 'state' is already implicitly declared on line 66 [C:/comen_lab/practice_3/practice_3.srcs/sources_1/new/uart_tx.sv:81]
WARNING: [Synth 8-8895] 'next_state' is already implicitly declared on line 67 [C:/comen_lab/practice_3/practice_3.srcs/sources_1/new/uart_tx.sv:81]
---------------------------------------------------------------------------------
Starting RTL Elaboration : Time (s): cpu = 00:00:07 ; elapsed = 00:00:08 . Memory (MB): peak = 1245.953 ; gain = 408.000
---------------------------------------------------------------------------------
INFO: [Synth 8-6157] synthesizing module 'uart_tx' [C:/comen_lab/practice_3/practice_3.srcs/sources_1/new/uart_tx.sv:4]
INFO: [Synth 8-6157] synthesizing module 'mmcm_50m' [C:/comen_lab/practice_3/practice_3.runs/synth_1/.Xil/Vivado-15152-DESKTOP-GLH3044/realtime/mmcm_50m_stub.v:5]
INFO: [Synth 8-6155] done synthesizing module 'mmcm_50m' (0#1) [C:/comen_lab/practice_3/practice_3.runs/synth_1/.Xil/Vivado-15152-DESKTOP-GLH3044/realtime/mmcm_50m_stub.v:5]
WARNING: [Synth 8-7071] port 'locked' of module 'mmcm_50m' is unconnected for instance 'mmcm' [C:/comen_lab/practice_3/practice_3.srcs/sources_1/new/uart_tx.sv:33]
WARNING: [Synth 8-7023] instance 'mmcm' of module 'mmcm_50m' has 4 connections declared, but only 3 given [C:/comen_lab/practice_3/practice_3.srcs/sources_1/new/uart_tx.sv:33]
INFO: [Synth 8-6157] synthesizing module 'vio_0' [C:/comen_lab/practice_3/practice_3.runs/synth_1/.Xil/Vivado-15152-DESKTOP-GLH3044/realtime/vio_0_stub.v:5]
INFO: [Synth 8-6155] done synthesizing module 'vio_0' (0#1) [C:/comen_lab/practice_3/practice_3.runs/synth_1/.Xil/Vivado-15152-DESKTOP-GLH3044/realtime/vio_0_stub.v:5]
WARNING: [Synth 8-4446] all outputs are unconnected for this instance and logic may be removed [C:/comen_lab/practice_3/practice_3.srcs/sources_1/new/uart_tx.sv:50]
INFO: [Synth 8-6157] synthesizing module 'ila_0' [C:/comen_lab/practice_3/practice_3.runs/synth_1/.Xil/Vivado-15152-DESKTOP-GLH3044/realtime/ila_0_stub.v:5]
INFO: [Synth 8-6155] done synthesizing module 'ila_0' (0#1) [C:/comen_lab/practice_3/practice_3.runs/synth_1/.Xil/Vivado-15152-DESKTOP-GLH3044/realtime/ila_0_stub.v:5]
INFO: [Synth 8-6155] done synthesizing module 'uart_tx' (0#1) [C:/comen_lab/practice_3/practice_3.srcs/sources_1/new/uart_tx.sv:4]
INFO: [Synth 8-6071] Mark debug on the nets applies keep_hierarchy on instance 'vio'. This will prevent further optimization [C:/comen_lab/practice_3/practice_3.srcs/sources_1/new/uart_tx.sv:43]
INFO: [Synth 8-6071] Mark debug on the nets applies keep_hierarchy on instance 'ila'. This will prevent further optimization [C:/comen_lab/practice_3/practice_3.srcs/sources_1/new/uart_tx.sv:50]
INFO: [Synth 8-6071] Mark debug on the nets applies keep_hierarchy on instance 'mmcm'. This will prevent further optimization [C:/comen_lab/practice_3/practice_3.srcs/sources_1/new/uart_tx.sv:33]
---------------------------------------------------------------------------------
Finished RTL Elaboration : Time (s): cpu = 00:00:09 ; elapsed = 00:00:10 . Memory (MB): peak = 1341.004 ; gain = 503.051
---------------------------------------------------------------------------------
---------------------------------------------------------------------------------
Start Handling Custom Attributes
---------------------------------------------------------------------------------
---------------------------------------------------------------------------------
Finished Handling Custom Attributes : Time (s): cpu = 00:00:09 ; elapsed = 00:00:10 . Memory (MB): peak = 1341.004 ; gain = 503.051
---------------------------------------------------------------------------------
---------------------------------------------------------------------------------
Finished RTL Optimization Phase 1 : Time (s): cpu = 00:00:09 ; elapsed = 00:00:10 . Memory (MB): peak = 1341.004 ; gain = 503.051
---------------------------------------------------------------------------------
Netlist sorting complete. Time (s): cpu = 00:00:00 ; elapsed = 00:00:00.016 . Memory (MB): peak = 1341.004 ; gain = 0.000
INFO: [Project 1-570] Preparing netlist for logic optimization

Processing XDC Constraints
Initializing timing engine
Parsing XDC File [c:/comen_lab/practice_3/practice_3.gen/sources_1/ip/mmcm_50m/mmcm_50m/mmcm_50m_in_context.xdc] for cell 'mmcm'
Finished Parsing XDC File [c:/comen_lab/practice_3/practice_3.gen/sources_1/ip/mmcm_50m/mmcm_50m/mmcm_50m_in_context.xdc] for cell 'mmcm'
Parsing XDC File [c:/comen_lab/practice_3/practice_3.gen/sources_1/ip/vio_0/vio_0/vio_0_in_context.xdc] for cell 'vio'
Finished Parsing XDC File [c:/comen_lab/practice_3/practice_3.gen/sources_1/ip/vio_0/vio_0/vio_0_in_context.xdc] for cell 'vio'
Parsing XDC File [c:/comen_lab/practice_3/practice_3.gen/sources_1/ip/ila_0/ila_0/ila_0_in_context.xdc] for cell 'ila'
Finished Parsing XDC File [c:/comen_lab/practice_3/practice_3.gen/sources_1/ip/ila_0/ila_0/ila_0_in_context.xdc] for cell 'ila'
Parsing XDC File [C:/comen_lab/practice_3/practice_3.srcs/constrs_1/new/uart_tx.xdc]
Finished Parsing XDC File [C:/comen_lab/practice_3/practice_3.srcs/constrs_1/new/uart_tx.xdc]
INFO: [Project 1-236] Implementation specific constraints were found while reading constraint file [C:/comen_lab/practice_3/practice_3.srcs/constrs_1/new/uart_tx.xdc]. These constraints will be ignored for synthesis but will be used in implementation. Impacted constraints are listed in the file [.Xil/uart_tx_propImpl.xdc].
Resolution: To avoid this warning, move constraints listed in [.Xil/uart_tx_propImpl.xdc] to another XDC file and exclude this new file from synthesis with the used_in_synthesis property (File Properties dialog in GUI) and re-run elaboration/synthesis.
Completed Processing XDC Constraints

Netlist sorting complete. Time (s): cpu = 00:00:00 ; elapsed = 00:00:00 . Memory (MB): peak = 1430.863 ; gain = 0.000
INFO: [Project 1-111] Unisim Transformation Summary:
No Unisim elements were transformed.

Constraint Validation Runtime : Time (s): cpu = 00:00:00 ; elapsed = 00:00:00.006 . Memory (MB): peak = 1430.863 ; gain = 0.000
INFO: [Designutils 20-5440] No compile time benefit to using incremental synthesis; A full resynthesis will be run
INFO: [Designutils 20-4379] Flow is switching to default flow due to incremental criteria not met. If you would like to alter this behaviour and have the flow terminate instead, please set the following parameter config_implementation {autoIncr.Synth.RejectBehavior Terminate}

*** Running vivado
    with args -log uart_tx.vds -m64 -product Vivado -mode batch -messageDb vivado.pb -notrace -source uart_tx.tcl



****** Vivado v2022.2.2 (64-bit)
  **** SW Build 3788238 on Tue Feb 21 20:00:34 MST 2023
  **** IP Build 3783773 on Tue Feb 21 23:41:56 MST 2023
    ** Copyright 1986-2023 Xilinx, Inc. All Rights Reserved.

source uart_tx.tcl -notrace
create_project: Time (s): cpu = 00:00:06 ; elapsed = 00:00:06 . Memory (MB): peak = 396.543 ; gain = 63.105
Command: read_checkpoint -auto_incremental -incremental C:/comen_lab/practice_3/practice_3.srcs/utils_1/imports/synth_1/main.dcp
INFO: [Vivado 12-5825] Read reference checkpoint from C:/comen_lab/practice_3/practice_3.srcs/utils_1/imports/synth_1/main.dcp for incremental synthesis
INFO: [Vivado 12-7989] Please ensure there are no constraint changes
Command: synth_design -top uart_tx -part xc7a35tcpg236-1
Starting synth_design
Attempting to get a license for feature 'Synthesis' and/or device 'xc7a35t'
INFO: [Common 17-349] Got license for feature 'Synthesis' and/or device 'xc7a35t'
INFO: [Device 21-403] Loading part xc7a35tcpg236-1
INFO: [Designutils 20-5440] No compile time benefit to using incremental synthesis; A full resynthesis will be run
INFO: [Designutils 20-4379] Flow is switching to default flow due to incremental criteria not met. If you would like to alter this behaviour and have the flow terminate instead, please set the following parameter config_implementation {autoIncr.Synth.RejectBehavior Terminate}
INFO: [Synth 8-7079] Multithreading enabled for synth_design using a maximum of 2 processes.
INFO: [Synth 8-7078] Launching helper process for spawning children vivado processes
INFO: [Synth 8-7075] Helper process launched with PID 14992
INFO: [Synth 8-11241] undeclared symbol 'REGCCE', assumed default net type 'wire' [C:/Xilinx/Vivado/2022.2/data/verilog/src/unimacro/BRAM_SINGLE_MACRO.v:2170]
INFO: [Synth 8-11241] undeclared symbol 'state', assumed default net type 'wire' [C:/comen_lab/practice_3/practice_3.srcs/sources_1/new/uart_tx.sv:64]
INFO: [Synth 8-11241] undeclared symbol 'next_state', assumed default net type 'wire' [C:/comen_lab/practice_3/practice_3.srcs/sources_1/new/uart_tx.sv:65]
WARNING: [Synth 8-8895] 'state' is already implicitly declared on line 64 [C:/comen_lab/practice_3/practice_3.srcs/sources_1/new/uart_tx.sv:79]
WARNING: [Synth 8-8895] 'next_state' is already implicitly declared on line 65 [C:/comen_lab/practice_3/practice_3.srcs/sources_1/new/uart_tx.sv:79]
---------------------------------------------------------------------------------
Starting RTL Elaboration : Time (s): cpu = 00:00:07 ; elapsed = 00:00:07 . Memory (MB): peak = 1246.809 ; gain = 409.281
---------------------------------------------------------------------------------
INFO: [Synth 8-6157] synthesizing module 'uart_tx' [C:/comen_lab/practice_3/practice_3.srcs/sources_1/new/uart_tx.sv:3]
INFO: [Synth 8-6157] synthesizing module 'mmcm_50m' [C:/comen_lab/practice_3/practice_3.runs/synth_1/.Xil/Vivado-8136-DESKTOP-GLH3044/realtime/mmcm_50m_stub.v:5]
INFO: [Synth 8-6155] done synthesizing module 'mmcm_50m' (0#1) [C:/comen_lab/practice_3/practice_3.runs/synth_1/.Xil/Vivado-8136-DESKTOP-GLH3044/realtime/mmcm_50m_stub.v:5]
WARNING: [Synth 8-7071] port 'locked' of module 'mmcm_50m' is unconnected for instance 'mmcm' [C:/comen_lab/practice_3/practice_3.srcs/sources_1/new/uart_tx.sv:31]
WARNING: [Synth 8-7023] instance 'mmcm' of module 'mmcm_50m' has 4 connections declared, but only 3 given [C:/comen_lab/practice_3/practice_3.srcs/sources_1/new/uart_tx.sv:31]
INFO: [Synth 8-6157] synthesizing module 'vio_0' [C:/comen_lab/practice_3/practice_3.runs/synth_1/.Xil/Vivado-8136-DESKTOP-GLH3044/realtime/vio_0_stub.v:5]
INFO: [Synth 8-6155] done synthesizing module 'vio_0' (0#1) [C:/comen_lab/practice_3/practice_3.runs/synth_1/.Xil/Vivado-8136-DESKTOP-GLH3044/realtime/vio_0_stub.v:5]
WARNING: [Synth 8-4446] all outputs are unconnected for this instance and logic may be removed [C:/comen_lab/practice_3/practice_3.srcs/sources_1/new/uart_tx.sv:48]
INFO: [Synth 8-6157] synthesizing module 'ila_0' [C:/comen_lab/practice_3/practice_3.runs/synth_1/.Xil/Vivado-8136-DESKTOP-GLH3044/realtime/ila_0_stub.v:5]
INFO: [Synth 8-6155] done synthesizing module 'ila_0' (0#1) [C:/comen_lab/practice_3/practice_3.runs/synth_1/.Xil/Vivado-8136-DESKTOP-GLH3044/realtime/ila_0_stub.v:5]
INFO: [Synth 8-6155] done synthesizing module 'uart_tx' (0#1) [C:/comen_lab/practice_3/practice_3.srcs/sources_1/new/uart_tx.sv:3]
INFO: [Synth 8-6071] Mark debug on the nets applies keep_hierarchy on instance 'vio'. This will prevent further optimization [C:/comen_lab/practice_3/practice_3.srcs/sources_1/new/uart_tx.sv:41]
INFO: [Synth 8-6071] Mark debug on the nets applies keep_hierarchy on instance 'ila'. This will prevent further optimization [C:/comen_lab/practice_3/practice_3.srcs/sources_1/new/uart_tx.sv:48]
INFO: [Synth 8-6071] Mark debug on the nets applies keep_hierarchy on instance 'mmcm'. This will prevent further optimization [C:/comen_lab/practice_3/practice_3.srcs/sources_1/new/uart_tx.sv:31]
---------------------------------------------------------------------------------
Finished RTL Elaboration : Time (s): cpu = 00:00:09 ; elapsed = 00:00:10 . Memory (MB): peak = 1340.895 ; gain = 503.367
---------------------------------------------------------------------------------
---------------------------------------------------------------------------------
Start Handling Custom Attributes
---------------------------------------------------------------------------------
---------------------------------------------------------------------------------
Finished Handling Custom Attributes : Time (s): cpu = 00:00:10 ; elapsed = 00:00:10 . Memory (MB): peak = 1340.895 ; gain = 503.367
---------------------------------------------------------------------------------
---------------------------------------------------------------------------------
Finished RTL Optimization Phase 1 : Time (s): cpu = 00:00:10 ; elapsed = 00:00:10 . Memory (MB): peak = 1340.895 ; gain = 503.367
---------------------------------------------------------------------------------
Netlist sorting complete. Time (s): cpu = 00:00:00 ; elapsed = 00:00:00.006 . Memory (MB): peak = 1340.895 ; gain = 0.000
INFO: [Project 1-570] Preparing netlist for logic optimization

Processing XDC Constraints
Initializing timing engine
Parsing XDC File [c:/comen_lab/practice_3/practice_3.gen/sources_1/ip/mmcm_50m/mmcm_50m/mmcm_50m_in_context.xdc] for cell 'mmcm'
Finished Parsing XDC File [c:/comen_lab/practice_3/practice_3.gen/sources_1/ip/mmcm_50m/mmcm_50m/mmcm_50m_in_context.xdc] for cell 'mmcm'
Parsing XDC File [c:/comen_lab/practice_3/practice_3.gen/sources_1/ip/vio_0/vio_0/vio_0_in_context.xdc] for cell 'vio'
Finished Parsing XDC File [c:/comen_lab/practice_3/practice_3.gen/sources_1/ip/vio_0/vio_0/vio_0_in_context.xdc] for cell 'vio'
Parsing XDC File [c:/comen_lab/practice_3/practice_3.gen/sources_1/ip/ila_0/ila_0/ila_0_in_context.xdc] for cell 'ila'
Finished Parsing XDC File [c:/comen_lab/practice_3/practice_3.gen/sources_1/ip/ila_0/ila_0/ila_0_in_context.xdc] for cell 'ila'
Parsing XDC File [C:/comen_lab/practice_3/practice_3.srcs/constrs_1/new/uart_tx.xdc]
Finished Parsing XDC File [C:/comen_lab/practice_3/practice_3.srcs/constrs_1/new/uart_tx.xdc]
INFO: [Project 1-236] Implementation specific constraints were found while reading constraint file [C:/comen_lab/practice_3/practice_3.srcs/constrs_1/new/uart_tx.xdc]. These constraints will be ignored for synthesis but will be used in implementation. Impacted constraints are listed in the file [.Xil/uart_tx_propImpl.xdc].
Resolution: To avoid this warning, move constraints listed in [.Xil/uart_tx_propImpl.xdc] to another XDC file and exclude this new file from synthesis with the used_in_synthesis property (File Properties dialog in GUI) and re-run elaboration/synthesis.
Completed Processing XDC Constraints

Netlist sorting complete. Time (s): cpu = 00:00:00 ; elapsed = 00:00:00 . Memory (MB): peak = 1437.977 ; gain = 0.000
INFO: [Project 1-111] Unisim Transformation Summary:
No Unisim elements were transformed.

Constraint Validation Runtime : Time (s): cpu = 00:00:00 ; elapsed = 00:00:00.006 . Memory (MB): peak = 1437.977 ; gain = 0.000
INFO: [Designutils 20-5440] No compile time benefit to using incremental synthesis; A full resynthesis will be run
INFO: [Designutils 20-4379] Flow is switching to default flow due to incremental criteria not met. If you would like to alter this behaviour and have the flow terminate instead, please set the following parameter config_implementation {autoIncr.Synth.RejectBehavior Terminate}
INFO: [Synth 8-11241] undeclared symbol 'REGCCE', assumed default net type 'wire' [C:/Xilinx/Vivado/2022.2/data/verilog/src/unimacro/BRAM_SINGLE_MACRO.v:2170]
---------------------------------------------------------------------------------
Finished Constraint Validation : Time (s): cpu = 00:00:19 ; elapsed = 00:00:20 . Memory (MB): peak = 1437.977 ; gain = 600.449
---------------------------------------------------------------------------------
---------------------------------------------------------------------------------
Start Loading Part and Timing Information
---------------------------------------------------------------------------------
Loading part: xc7a35tcpg236-1
---------------------------------------------------------------------------------
Finished Loading Part and Timing Information : Time (s): cpu = 00:00:19 ; elapsed = 00:00:20 . Memory (MB): peak = 1437.977 ; gain = 600.449
---------------------------------------------------------------------------------
---------------------------------------------------------------------------------
Start Applying 'set_property' XDC Constraints
---------------------------------------------------------------------------------
Applied set_property IO_BUFFER_TYPE = NONE for clk. (constraint file  c:/comen_lab/practice_3/practice_3.gen/sources_1/ip/mmcm_50m/mmcm_50m/mmcm_50m_in_context.xdc, line 3).
Applied set_property CLOCK_BUFFER_TYPE = NONE for clk. (constraint file  c:/comen_lab/practice_3/practice_3.gen/sources_1/ip/mmcm_50m/mmcm_50m/mmcm_50m_in_context.xdc, line 4).
Applied set_property KEEP_HIERARCHY = SOFT for mmcm. (constraint file  auto generated constraint).
Applied set_property KEEP_HIERARCHY = SOFT for vio. (constraint file  auto generated constraint).
Applied set_property KEEP_HIERARCHY = SOFT for ila. (constraint file  auto generated constraint).
---------------------------------------------------------------------------------
Finished applying 'set_property' XDC Constraints : Time (s): cpu = 00:00:19 ; elapsed = 00:00:20 . Memory (MB): peak = 1437.977 ; gain = 600.449
---------------------------------------------------------------------------------
INFO: [Synth 8-802] inferred FSM for state register 'state_reg' in module 'uart_tx'
INFO: [Synth 8-6159] Found Keep on FSM register 'next_state_reg' in module 'uart_tx', re-encoding will not be performed
---------------------------------------------------------------------------------------------------
                   State |                     New Encoding |                Previous Encoding 
---------------------------------------------------------------------------------------------------
*
                   ERROR |                              101 |                              101
                   RESET |                              000 |                              000
                 WAIT_1S |                              001 |                              001
               START_BIT |                              010 |                              010
                DATA_BIT |                              011 |                              011
                STOP_BIT |                              100 |                              100
---------------------------------------------------------------------------------------------------
INFO: [Synth 8-6159] Found Keep on FSM register 'state_reg' in module 'uart_tx', re-encoding will not be performed
---------------------------------------------------------------------------------------------------
                   State |                     New Encoding |                Previous Encoding 
---------------------------------------------------------------------------------------------------
*
                   ERROR |                              101 |                              101
                   RESET |                              000 |                              000
                 WAIT_1S |                              001 |                              001
               START_BIT |                              010 |                              010
                DATA_BIT |                              011 |                              011
                STOP_BIT |                              100 |                              100
---------------------------------------------------------------------------------------------------
---------------------------------------------------------------------------------
Finished RTL Optimization Phase 2 : Time (s): cpu = 00:00:19 ; elapsed = 00:00:20 . Memory (MB): peak = 1437.977 ; gain = 600.449
---------------------------------------------------------------------------------
---------------------------------------------------------------------------------
Start RTL Component Statistics 
---------------------------------------------------------------------------------
Detailed RTL Component Info : 
+---Adders : 
	   2 Input   32 Bit       Adders := 1     
	   2 Input   26 Bit       Adders := 1     
	   2 Input    4 Bit       Adders := 2     
+---Registers : 
	               32 Bit    Registers := 1     
	               26 Bit    Registers := 1     
	                4 Bit    Registers := 2     
	                1 Bit    Registers := 2     
+---Muxes : 
	   7 Input   26 Bit        Muxes := 1     
	   7 Input    4 Bit        Muxes := 2     
	   7 Input    3 Bit        Muxes := 2     
	   2 Input    3 Bit        Muxes := 4     
	   2 Input    2 Bit        Muxes := 2     
	   7 Input    1 Bit        Muxes := 4     
---------------------------------------------------------------------------------
Finished RTL Component Statistics 
---------------------------------------------------------------------------------
---------------------------------------------------------------------------------
Start Part Resource Summary
---------------------------------------------------------------------------------
Part Resources:
DSPs: 90 (col length:60)
BRAMs: 100 (col length: RAMB18 60 RAMB36 30)
---------------------------------------------------------------------------------
Finished Part Resource Summary
---------------------------------------------------------------------------------
---------------------------------------------------------------------------------
Start Cross Boundary and Area Optimization
---------------------------------------------------------------------------------
WARNING: [Synth 8-7080] Parallel synthesis criteria is not met
---------------------------------------------------------------------------------
Finished Cross Boundary and Area Optimization : Time (s): cpu = 00:00:22 ; elapsed = 00:00:23 . Memory (MB): peak = 1437.977 ; gain = 600.449
---------------------------------------------------------------------------------
---------------------------------------------------------------------------------
Start Applying XDC Timing Constraints
---------------------------------------------------------------------------------
---------------------------------------------------------------------------------
Finished Applying XDC Timing Constraints : Time (s): cpu = 00:00:29 ; elapsed = 00:00:30 . Memory (MB): peak = 1437.977 ; gain = 600.449
---------------------------------------------------------------------------------
---------------------------------------------------------------------------------
Start Timing Optimization
---------------------------------------------------------------------------------
---------------------------------------------------------------------------------
Finished Timing Optimization : Time (s): cpu = 00:00:29 ; elapsed = 00:00:30 . Memory (MB): peak = 1437.977 ; gain = 600.449
---------------------------------------------------------------------------------
---------------------------------------------------------------------------------
Start Technology Mapping
---------------------------------------------------------------------------------
---------------------------------------------------------------------------------
Finished Technology Mapping : Time (s): cpu = 00:00:29 ; elapsed = 00:00:30 . Memory (MB): peak = 1437.977 ; gain = 600.449
---------------------------------------------------------------------------------
---------------------------------------------------------------------------------
Start IO Insertion
---------------------------------------------------------------------------------
---------------------------------------------------------------------------------
Start Flattening Before IO Insertion
---------------------------------------------------------------------------------
---------------------------------------------------------------------------------
Finished Flattening Before IO Insertion
---------------------------------------------------------------------------------
---------------------------------------------------------------------------------
Start Final Netlist Cleanup
---------------------------------------------------------------------------------
---------------------------------------------------------------------------------
Finished Final Netlist Cleanup
---------------------------------------------------------------------------------
WARNING: [Synth 8-5396] Clock pin C has keep related attribute (keep/mark_debug/dont_touch) which could create extra logic on its net [C:/comen_lab/practice_3/practice_3.srcs/sources_1/new/uart_tx.sv:56]
WARNING: [Synth 8-5396] Clock pin C has keep related attribute (keep/mark_debug/dont_touch) which could create extra logic on its net [C:/comen_lab/practice_3/practice_3.srcs/sources_1/new/uart_tx.sv:143]
---------------------------------------------------------------------------------
Finished IO Insertion : Time (s): cpu = 00:00:36 ; elapsed = 00:00:36 . Memory (MB): peak = 1437.977 ; gain = 600.449
---------------------------------------------------------------------------------
---------------------------------------------------------------------------------
Start Renaming Generated Instances
---------------------------------------------------------------------------------
---------------------------------------------------------------------------------
Finished Renaming Generated Instances : Time (s): cpu = 00:00:36 ; elapsed = 00:00:36 . Memory (MB): peak = 1437.977 ; gain = 600.449
---------------------------------------------------------------------------------
---------------------------------------------------------------------------------
Start Rebuilding User Hierarchy
---------------------------------------------------------------------------------
---------------------------------------------------------------------------------
Finished Rebuilding User Hierarchy : Time (s): cpu = 00:00:36 ; elapsed = 00:00:36 . Memory (MB): peak = 1437.977 ; gain = 600.449
---------------------------------------------------------------------------------
---------------------------------------------------------------------------------
Start Renaming Generated Ports
---------------------------------------------------------------------------------
---------------------------------------------------------------------------------
Finished Renaming Generated Ports : Time (s): cpu = 00:00:36 ; elapsed = 00:00:36 . Memory (MB): peak = 1437.977 ; gain = 600.449
---------------------------------------------------------------------------------
---------------------------------------------------------------------------------
Start Handling Custom Attributes
---------------------------------------------------------------------------------
---------------------------------------------------------------------------------
Finished Handling Custom Attributes : Time (s): cpu = 00:00:36 ; elapsed = 00:00:36 . Memory (MB): peak = 1437.977 ; gain = 600.449
---------------------------------------------------------------------------------
---------------------------------------------------------------------------------
Start Renaming Generated Nets
---------------------------------------------------------------------------------
---------------------------------------------------------------------------------
Finished Renaming Generated Nets : Time (s): cpu = 00:00:36 ; elapsed = 00:00:36 . Memory (MB): peak = 1437.977 ; gain = 600.449
---------------------------------------------------------------------------------
---------------------------------------------------------------------------------
Start Writing Synthesis Report
---------------------------------------------------------------------------------

Report BlackBoxes: 
+------+--------------+----------+
|      |BlackBox name |Instances |
+------+--------------+----------+
|1     |mmcm_50m      |         1|
|2     |vio_0         |         1|
|3     |ila_0         |         1|
+------+--------------+----------+

Report Cell Usage: 
+------+---------+------+
|      |Cell     |Count |
+------+---------+------+
|1     |ila      |     1|
|2     |mmcm_50m |     1|
|3     |vio      |     1|
|4     |CARRY4   |    15|
|5     |LUT1     |     3|
|6     |LUT2     |    28|
|7     |LUT3     |     7|
|8     |LUT4     |    10|
|9     |LUT5     |     6|
|10    |LUT6     |    17|
|11    |FDCE     |    37|
|12    |FDPE     |     1|
|13    |FDRE     |    33|
|14    |OBUF     |     1|
+------+---------+------+
---------------------------------------------------------------------------------
Finished Writing Synthesis Report : Time (s): cpu = 00:00:36 ; elapsed = 00:00:36 . Memory (MB): peak = 1437.977 ; gain = 600.449
---------------------------------------------------------------------------------
Synthesis finished with 0 errors, 0 critical warnings and 3 warnings.
Synthesis Optimization Runtime : Time (s): cpu = 00:00:24 ; elapsed = 00:00:34 . Memory (MB): peak = 1437.977 ; gain = 503.367
Synthesis Optimization Complete : Time (s): cpu = 00:00:36 ; elapsed = 00:00:36 . Memory (MB): peak = 1437.977 ; gain = 600.449
INFO: [Project 1-571] Translating synthesized netlist
Netlist sorting complete. Time (s): cpu = 00:00:00 ; elapsed = 00:00:00.006 . Memory (MB): peak = 1437.977 ; gain = 0.000
INFO: [Netlist 29-17] Analyzing 15 Unisim elements for replacement
INFO: [Netlist 29-28] Unisim Transformation completed in 0 CPU seconds
INFO: [Project 1-570] Preparing netlist for logic optimization
INFO: [Opt 31-138] Pushed 0 inverter(s) to 0 load pin(s).
Netlist sorting complete. Time (s): cpu = 00:00:00 ; elapsed = 00:00:00 . Memory (MB): peak = 1437.977 ; gain = 0.000
INFO: [Project 1-111] Unisim Transformation Summary:
No Unisim elements were transformed.

Synth Design complete, checksum: 3d2f990e
INFO: [Common 17-83] Releasing license: Synthesis
39 Infos, 8 Warnings, 0 Critical Warnings and 0 Errors encountered.
synth_design completed successfully
synth_design: Time (s): cpu = 00:00:41 ; elapsed = 00:00:43 . Memory (MB): peak = 1437.977 ; gain = 981.227
INFO: [Common 17-1381] The checkpoint 'C:/comen_lab/practice_3/practice_3.runs/synth_1/uart_tx.dcp' has been generated.
INFO: [runtcl-4] Executing : report_utilization -file uart_tx_utilization_synth.rpt -pb uart_tx_utilization_synth.pb
INFO: [Common 17-206] Exiting Vivado at Wed Jan 31 08:26:48 2024...
